<?xml version="1.0" encoding="UTF-8"?>
<!-- Generated by org.testng.reporters.JUnitReportReporter -->
<testsuite hostname="DESKTOP-7MLJB30" failures="0" tests="4" name="mvnproject.practicemvn" time="0.009" errors="0" timestamp="2022-07-20T13:09:28 IST" skipped="0">
  <testcase classname="mvnproject.practicemvn" name="test" time="0.007"/>
  <system-out/>
  <testcase classname="mvnproject.practicemvn" name="test2" time="0.001"/>
  <system-out/>
  <testcase classname="mvnproject.practicemvn" name="test3" time="0.001"/>
  <system-out/>
  <testcase classname="mvnproject.practicemvn" name="test1" time="0.000"/>
  <system-out/>
</testsuite> <!-- mvnproject.practicemvn -->
