<?xml version="1.0" encoding="UTF-8"?>
<!-- Generated by org.testng.reporters.JUnitReportReporter -->
<testsuite hostname="DESKTOP-7MLJB30" failures="0" tests="4" name="mvnproject.practivemvn" time="0.007" errors="0" timestamp="2022-07-18T16:06:35 IST" skipped="1">
  <testcase classname="mvnproject.practivemvn" name="test" time="0.006"/>
  <system-out/>
  <testcase classname="mvnproject.practivemvn" name="test2" time="0.000"/>
  <system-out/>
  <testcase classname="mvnproject.practivemvn" name="test1" time="0.001"/>
  <system-out/>
  <testcase classname="mvnproject.practivemvn" name="test3">
    <skipped/>
  </testcase> <!-- test3 -->
  <system-out/>
</testsuite> <!-- mvnproject.practivemvn -->
